<?xml version="1.0" encoding="UTF-8"?>
<!-- Generated by org.testng.reporters.JUnitReportReporter -->
<testsuite skipped="1" hostname="LAPTOP-OA1VTOB1" name="testNGTest.TestNG_Test" tests="2" failures="0" timestamp="08 Dec 2019 19:08:36 GMT" time="1.904" errors="1">
  <testcase name="setUpBeforeClass" time="1.904" classname="testNGTest.TestNG_Test">
    <error type="org.openqa.selenium.SessionNotCreatedException" message="session not created: This version of ChromeDriver only supports Chrome version 76
Build info: version: &#039;3.141.59&#039;, revision: &#039;e82be7d358&#039;, time: &#039;2018-11-14T08:25:48&#039;
System info: host: &#039;LAPTOP-OA1VTOB1&#039;, ip: &#039;192.168.254.18&#039;, os.name: &#039;Windows 10&#039;, os.arch: &#039;amd64&#039;, os.version: &#039;10.0&#039;, java.version: &#039;1.8.0_171&#039;
Driver info: driver.version: ChromeDriver
remote stacktrace: Backtrace:
	Ordinal0 [0x00DA7C53+1473619]
	Ordinal0 [0x00D2AD71+961905]
	Ordinal0 [0x00CB42B3+475827]
	Ordinal0 [0x00C4F365+62309]
	Ordinal0 [0x00C4BC77+48247]
	Ordinal0 [0x00C69149+168265]
	Ordinal0 [0x00C68D1D+167197]
	Ordinal0 [0x00C6742B+160811]
	Ordinal0 [0x00C50AE6+68326]
	Ordinal0 [0x00C51BF0+72688]
	Ordinal0 [0x00C51B89+72585]
	Ordinal0 [0x00D44B37+1067831]
	GetHandleVerifier [0x00E46845+506677]
	GetHandleVerifier [0x00E465E0+506064]
	GetHandleVerifier [0x00E4D188+533624]
	GetHandleVerifier [0x00E4701A+508682]
	Ordinal0 [0x00D3C226+1032742]
	Ordinal0 [0x00D3C09F+1032351]
	Ordinal0 [0x00D46A4B+1075787]
	Ordinal0 [0x00D46BB3+1076147]
	Ordinal0 [0x00D45B65+1071973]
	BaseThreadInitThunk [0x772F6359+25]
	RtlGetAppContainerNamedObjectPath [0x77C47B74+228]
	RtlGetAppContainerNamedObjectPath [0x77C47B44+180]
">
      <![CDATA[org.openqa.selenium.SessionNotCreatedException: session not created: This version of ChromeDriver only supports Chrome version 76
Build info: version: '3.141.59', revision: 'e82be7d358', time: '2018-11-14T08:25:48'
System info: host: 'LAPTOP-OA1VTOB1', ip: '192.168.254.18', os.name: 'Windows 10', os.arch: 'amd64', os.version: '10.0', java.version: '1.8.0_171'
Driver info: driver.version: ChromeDriver
remote stacktrace: Backtrace:
Ordinal0 [0x00DA7C53+1473619]
Ordinal0 [0x00D2AD71+961905]
Ordinal0 [0x00CB42B3+475827]
Ordinal0 [0x00C4F365+62309]
Ordinal0 [0x00C4BC77+48247]
Ordinal0 [0x00C69149+168265]
Ordinal0 [0x00C68D1D+167197]
Ordinal0 [0x00C6742B+160811]
Ordinal0 [0x00C50AE6+68326]
Ordinal0 [0x00C51BF0+72688]
Ordinal0 [0x00C51B89+72585]
Ordinal0 [0x00D44B37+1067831]
GetHandleVerifier [0x00E46845+506677]
GetHandleVerifier [0x00E465E0+506064]
GetHandleVerifier [0x00E4D188+533624]
GetHandleVerifier [0x00E4701A+508682]
Ordinal0 [0x00D3C226+1032742]
Ordinal0 [0x00D3C09F+1032351]
Ordinal0 [0x00D46A4B+1075787]
Ordinal0 [0x00D46BB3+1076147]
Ordinal0 [0x00D45B65+1071973]
BaseThreadInitThunk [0x772F6359+25]
RtlGetAppContainerNamedObjectPath [0x77C47B74+228]
RtlGetAppContainerNamedObjectPath [0x77C47B44+180]

at sun.reflect.NativeConstructorAccessorImpl.newInstance0(Native Method)
at sun.reflect.NativeConstructorAccessorImpl.newInstance(NativeConstructorAccessorImpl.java:62)
at sun.reflect.DelegatingConstructorAccessorImpl.newInstance(DelegatingConstructorAccessorImpl.java:45)
at java.lang.reflect.Constructor.newInstance(Constructor.java:423)
at org.openqa.selenium.remote.W3CHandshakeResponse.lambda$errorHandler$0(W3CHandshakeResponse.java:62)
at org.openqa.selenium.remote.HandshakeResponse.lambda$getResponseFunction$0(HandshakeResponse.java:30)
at org.openqa.selenium.remote.ProtocolHandshake.lambda$createSession$0(ProtocolHandshake.java:126)
at java.util.stream.ReferencePipeline$3$1.accept(ReferencePipeline.java:193)
at java.util.Spliterators$ArraySpliterator.tryAdvance(Spliterators.java:958)
at java.util.stream.ReferencePipeline.forEachWithCancel(ReferencePipeline.java:126)
at java.util.stream.AbstractPipeline.copyIntoWithCancel(AbstractPipeline.java:498)
at java.util.stream.AbstractPipeline.copyInto(AbstractPipeline.java:485)
at java.util.stream.AbstractPipeline.wrapAndCopyInto(AbstractPipeline.java:471)
at java.util.stream.FindOps$FindOp.evaluateSequential(FindOps.java:152)
at java.util.stream.AbstractPipeline.evaluate(AbstractPipeline.java:234)
at java.util.stream.ReferencePipeline.findFirst(ReferencePipeline.java:464)
at org.openqa.selenium.remote.ProtocolHandshake.createSession(ProtocolHandshake.java:128)
at org.openqa.selenium.remote.ProtocolHandshake.createSession(ProtocolHandshake.java:74)
at org.openqa.selenium.remote.HttpCommandExecutor.execute(HttpCommandExecutor.java:136)
at org.openqa.selenium.remote.service.DriverCommandExecutor.execute(DriverCommandExecutor.java:83)
at org.openqa.selenium.remote.RemoteWebDriver.execute(RemoteWebDriver.java:552)
at org.openqa.selenium.remote.RemoteWebDriver.startSession(RemoteWebDriver.java:213)
at org.openqa.selenium.remote.RemoteWebDriver.<init>(RemoteWebDriver.java:131)
at org.openqa.selenium.chrome.ChromeDriver.<init>(ChromeDriver.java:181)
at org.openqa.selenium.chrome.ChromeDriver.<init>(ChromeDriver.java:168)
at org.openqa.selenium.chrome.ChromeDriver.<init>(ChromeDriver.java:123)
at testNGTest.TestNG_Test.setUpBeforeClass(TestNG_Test.java:27)
at sun.reflect.NativeMethodAccessorImpl.invoke0(Native Method)
at sun.reflect.NativeMethodAccessorImpl.invoke(NativeMethodAccessorImpl.java:62)
at sun.reflect.DelegatingMethodAccessorImpl.invoke(DelegatingMethodAccessorImpl.java:43)
at java.lang.reflect.Method.invoke(Method.java:498)
at org.testng.internal.MethodInvocationHelper.invokeMethod(MethodInvocationHelper.java:124)
at org.testng.internal.MethodInvocationHelper.invokeMethodConsideringTimeout(MethodInvocationHelper.java:59)
at org.testng.internal.Invoker.invokeConfigurationMethod(Invoker.java:458)
at org.testng.internal.Invoker.invokeConfigurations(Invoker.java:222)
at org.testng.internal.Invoker.invokeConfigurations(Invoker.java:142)
at org.testng.internal.TestMethodWorker.invokeBeforeClassMethods(TestMethodWorker.java:168)
at org.testng.internal.TestMethodWorker.run(TestMethodWorker.java:105)
at org.testng.TestRunner.privateRun(TestRunner.java:648)
at org.testng.TestRunner.run(TestRunner.java:505)
at org.testng.SuiteRunner.runTest(SuiteRunner.java:455)
at org.testng.SuiteRunner.runSequentially(SuiteRunner.java:450)
at org.testng.SuiteRunner.privateRun(SuiteRunner.java:415)
at org.testng.SuiteRunner.run(SuiteRunner.java:364)
at org.testng.SuiteRunnerWorker.runSuite(SuiteRunnerWorker.java:52)
at org.testng.SuiteRunnerWorker.run(SuiteRunnerWorker.java:84)
at org.testng.TestNG.runSuitesSequentially(TestNG.java:1208)
at org.testng.TestNG.runSuitesLocally(TestNG.java:1137)
at org.testng.TestNG.runSuites(TestNG.java:1049)
at org.testng.TestNG.run(TestNG.java:1017)
at org.testng.remote.AbstractRemoteTestNG.run(AbstractRemoteTestNG.java:115)
at org.testng.remote.RemoteTestNG.initAndRun(RemoteTestNG.java:251)
at org.testng.remote.RemoteTestNG.main(RemoteTestNG.java:77)
]]>
    </error>
  </testcase> <!-- setUpBeforeClass -->
  <testcase name="test" time="0.000" classname="testNGTest.TestNG_Test">
    <skipped/>
  </testcase> <!-- test -->
</testsuite> <!-- testNGTest.TestNG_Test -->
